<?xml version="1.0" encoding="UTF-8"?>
<!-- Generated by org.testng.reporters.JUnitReportReporter -->
<testsuite hostname="LAPTOP-5S9NG0SQ" failures="0" tests="1" name="tests.JSONSchema" time="1.558" errors="0" timestamp="2024-08-31T22:06:57 IST" skipped="0">
  <testcase classname="tests.JSONSchema" name="schemaValidator" time="1.558"/>
</testsuite> <!-- tests.JSONSchema -->
