<?xml version="1.0" encoding="UTF-8"?>
<!-- Generated by org.testng.reporters.JUnitReportReporter -->
<testsuite hostname="LAPTOP-5S9NG0SQ" failures="0" tests="1" name="tests.PutPatchDelete" time="1.499" errors="0" timestamp="2024-08-31T12:02:14 IST" skipped="0">
  <testcase classname="tests.PutPatchDelete" name="deleteMethod" time="1.499"/>
</testsuite> <!-- tests.PutPatchDelete -->
