<?xml version="1.0" encoding="UTF-8"?>
<!-- Generated by org.testng.reporters.JUnitReportReporter -->
<testsuite hostname="LAPTOP-5S9NG0SQ" failures="0" tests="1" name="tests.GetAndPost" time="1.616" errors="0" timestamp="2024-08-31T09:29:58 IST" skipped="0">
  <testcase classname="tests.GetAndPost" name="getTest" time="1.616"/>
</testsuite> <!-- tests.GetAndPost -->
